<?xml version="1.0" encoding="UTF-8"?>
<testng-results ignored="0" total="1" passed="1" failed="0" skipped="0">
  <reporter-output>
  </reporter-output>
  <suite started-at="2024-05-02T17:39:57 IST" name="Default suite" finished-at="2024-05-02T17:40:25 IST" duration-ms="28176">
    <groups>
    </groups>
    <test started-at="2024-05-02T17:39:57 IST" name="Default test" finished-at="2024-05-02T17:40:25 IST" duration-ms="28176">
      <class name="testcases.TSLogin">
        <test-method signature="TSC001()[pri:0, instance:testcases.TSLogin@413d1baf]" started-at="2024-05-02T17:39:57 IST" name="TSC001" finished-at="2024-05-02T17:40:25 IST" duration-ms="28138" status="PASS">
          <reporter-output>
          </reporter-output>
        </test-method> <!-- TSC001 -->
      </class> <!-- testcases.TSLogin -->
    </test> <!-- Default test -->
  </suite> <!-- Default suite -->
</testng-results>
